[debug] [2018-02-19T19:11:16.753Z] ----------------------------------------------------------------------
[debug] [2018-02-19T19:11:16.757Z] Command:       /home/nsa/.nvm/versions/node/v9.5.0/bin/node /usr/local/bin/firebase serve
[debug] [2018-02-19T19:11:16.757Z] CLI Version:   3.17.4
[debug] [2018-02-19T19:11:16.757Z] Platform:      linux
[debug] [2018-02-19T19:11:16.757Z] Node Version:  v9.5.0
[debug] [2018-02-19T19:11:16.757Z] Time:          Mon Feb 19 2018 14:11:16 GMT-0500 (EST)
[debug] [2018-02-19T19:11:16.758Z] ----------------------------------------------------------------------
[debug] 
[debug] [2018-02-19T19:11:16.769Z] > command requires scopes: ["email","openid","https://www.googleapis.com/auth/cloudplatformprojects.readonly","https://www.googleapis.com/auth/firebase","https://www.googleapis.com/auth/cloud-platform"]
[debug] [2018-02-19T19:11:16.770Z] > authorizing via signed-in user
[debug] [2018-02-19T19:11:16.773Z] >>> HTTP REQUEST GET https://admin.firebase.com/v1/projects/friendlychat-739e3  
  
 Mon Feb 19 2018 14:11:16 GMT-0500 (EST)
[debug] [2018-02-19T19:11:18.405Z] <<< HTTP RESPONSE 200
[debug] [2018-02-19T19:11:18.406Z] >>> HTTP REQUEST GET https://admin.firebase.com/v1/database/friendlychat-739e3/tokens  
  
 Mon Feb 19 2018 14:11:18 GMT-0500 (EST)
[debug] [2018-02-19T19:11:21.621Z] <<< HTTP RESPONSE 200
[info] 
[info] === Serving from '/home/nsa/Code/firebase/web-start'...
[info] 
[debug] [2018-02-19T19:11:21.627Z] >>> HTTP REQUEST GET https://cloudresourcemanager.googleapis.com/v1/projects/friendlychat-739e3  
  
 Mon Feb 19 2018 14:11:21 GMT-0500 (EST)
[debug] [2018-02-19T19:11:21.867Z] <<< HTTP RESPONSE 200
[debug] [2018-02-19T19:11:21.869Z] >>> HTTP REQUEST GET https://mobilesdk-pa.googleapis.com/v1/projects/577894259711/clients/_:getWebAppConfig  
  
 Mon Feb 19 2018 14:11:21 GMT-0500 (EST)
[debug] [2018-02-19T19:11:22.149Z] <<< HTTP RESPONSE 200
[warn] ⚠  hosting: Port 5000 is not available. Trying another port...
[debug] [2018-02-19T19:11:22.173Z] >>> HTTP REQUEST GET https://cloudresourcemanager.googleapis.com/v1/projects/friendlychat-739e3  
  
 Mon Feb 19 2018 14:11:22 GMT-0500 (EST)
[debug] [2018-02-19T19:11:23.438Z] <<< HTTP RESPONSE 200
[debug] [2018-02-19T19:11:23.439Z] >>> HTTP REQUEST GET https://mobilesdk-pa.googleapis.com/v1/projects/577894259711/clients/_:getWebAppConfig  
  
 Mon Feb 19 2018 14:11:23 GMT-0500 (EST)
[debug] [2018-02-19T19:11:23.667Z] <<< HTTP RESPONSE 200
[warn] ⚠  hosting: Port 5004 is not available. Trying another port...
[debug] [2018-02-19T19:11:23.671Z] >>> HTTP REQUEST GET https://cloudresourcemanager.googleapis.com/v1/projects/friendlychat-739e3  
  
 Mon Feb 19 2018 14:11:23 GMT-0500 (EST)
[debug] [2018-02-19T19:11:23.875Z] <<< HTTP RESPONSE 200
[debug] [2018-02-19T19:11:23.876Z] >>> HTTP REQUEST GET https://mobilesdk-pa.googleapis.com/v1/projects/577894259711/clients/_:getWebAppConfig  
  
 Mon Feb 19 2018 14:11:23 GMT-0500 (EST)
[debug] [2018-02-19T19:11:24.130Z] <<< HTTP RESPONSE 200
[warn] ⚠  hosting: Port 5008 is not available. Trying another port...
[debug] [2018-02-19T19:11:24.134Z] >>> HTTP REQUEST GET https://cloudresourcemanager.googleapis.com/v1/projects/friendlychat-739e3  
  
 Mon Feb 19 2018 14:11:24 GMT-0500 (EST)
[debug] [2018-02-19T19:11:24.337Z] <<< HTTP RESPONSE 200
[debug] [2018-02-19T19:11:24.338Z] >>> HTTP REQUEST GET https://mobilesdk-pa.googleapis.com/v1/projects/577894259711/clients/_:getWebAppConfig  
  
 Mon Feb 19 2018 14:11:24 GMT-0500 (EST)
[debug] [2018-02-19T19:11:24.580Z] <<< HTTP RESPONSE 200
[warn] ⚠  hosting: Port 5012 is not available. Trying another port...
[debug] [2018-02-19T19:11:24.583Z] >>> HTTP REQUEST GET https://cloudresourcemanager.googleapis.com/v1/projects/friendlychat-739e3  
  
 Mon Feb 19 2018 14:11:24 GMT-0500 (EST)
[debug] [2018-02-19T19:11:24.816Z] <<< HTTP RESPONSE 200
[debug] [2018-02-19T19:11:24.817Z] >>> HTTP REQUEST GET https://mobilesdk-pa.googleapis.com/v1/projects/577894259711/clients/_:getWebAppConfig  
  
 Mon Feb 19 2018 14:11:24 GMT-0500 (EST)
[debug] [2018-02-19T19:11:25.134Z] <<< HTTP RESPONSE 200
[warn] ⚠  hosting: Port 5016 is not available. Trying another port...
[debug] [2018-02-19T19:11:25.140Z] >>> HTTP REQUEST GET https://cloudresourcemanager.googleapis.com/v1/projects/friendlychat-739e3  
  
 Mon Feb 19 2018 14:11:25 GMT-0500 (EST)
[debug] [2018-02-19T19:11:25.339Z] <<< HTTP RESPONSE 200
[debug] [2018-02-19T19:11:25.340Z] >>> HTTP REQUEST GET https://mobilesdk-pa.googleapis.com/v1/projects/577894259711/clients/_:getWebAppConfig  
  
 Mon Feb 19 2018 14:11:25 GMT-0500 (EST)
[debug] [2018-02-19T19:11:25.571Z] <<< HTTP RESPONSE 200
[warn] ⚠  hosting: Port 5020 is not available. Trying another port...
[debug] [2018-02-19T19:11:25.575Z] >>> HTTP REQUEST GET https://cloudresourcemanager.googleapis.com/v1/projects/friendlychat-739e3  
  
 Mon Feb 19 2018 14:11:25 GMT-0500 (EST)
[debug] [2018-02-19T19:11:25.779Z] <<< HTTP RESPONSE 200
[debug] [2018-02-19T19:11:25.780Z] >>> HTTP REQUEST GET https://mobilesdk-pa.googleapis.com/v1/projects/577894259711/clients/_:getWebAppConfig  
  
 Mon Feb 19 2018 14:11:25 GMT-0500 (EST)
[debug] [2018-02-19T19:11:26.138Z] <<< HTTP RESPONSE 200
[info] i  hosting: Serving hosting files from: ./
[info] ✔  hosting: Local server: http://localhost:5024

[debug] [2018-02-19T19:13:15.906Z] ----------------------------------------------------------------------
[debug] [2018-02-19T19:13:15.909Z] Command:       /home/nsa/.nvm/versions/node/v9.5.0/bin/node /usr/local/bin/firebase serve
[debug] [2018-02-19T19:13:15.910Z] CLI Version:   3.17.4
[debug] [2018-02-19T19:13:15.910Z] Platform:      linux
[debug] [2018-02-19T19:13:15.910Z] Node Version:  v9.5.0
[debug] [2018-02-19T19:13:15.910Z] Time:          Mon Feb 19 2018 14:13:15 GMT-0500 (EST)
[debug] [2018-02-19T19:13:15.910Z] ----------------------------------------------------------------------
[debug] 
[debug] [2018-02-19T19:13:15.922Z] > command requires scopes: ["email","openid","https://www.googleapis.com/auth/cloudplatformprojects.readonly","https://www.googleapis.com/auth/firebase","https://www.googleapis.com/auth/cloud-platform"]
[debug] [2018-02-19T19:13:15.922Z] > authorizing via signed-in user
[debug] [2018-02-19T19:13:15.925Z] >>> HTTP REQUEST GET https://admin.firebase.com/v1/projects/friendlychat-739e3  
  
 Mon Feb 19 2018 14:13:15 GMT-0500 (EST)
[debug] [2018-02-19T19:13:17.332Z] <<< HTTP RESPONSE 200
[debug] [2018-02-19T19:13:17.333Z] >>> HTTP REQUEST GET https://admin.firebase.com/v1/database/friendlychat-739e3/tokens  
  
 Mon Feb 19 2018 14:13:17 GMT-0500 (EST)
[debug] [2018-02-19T19:13:19.310Z] <<< HTTP RESPONSE 200
[info] 
[info] === Serving from '/home/nsa/Code/firebase/web-start'...
[info] 
[debug] [2018-02-19T19:13:19.315Z] >>> HTTP REQUEST GET https://cloudresourcemanager.googleapis.com/v1/projects/friendlychat-739e3  
  
 Mon Feb 19 2018 14:13:19 GMT-0500 (EST)
[debug] [2018-02-19T19:13:19.969Z] <<< HTTP RESPONSE 200
[debug] [2018-02-19T19:13:19.971Z] >>> HTTP REQUEST GET https://mobilesdk-pa.googleapis.com/v1/projects/577894259711/clients/_:getWebAppConfig  
  
 Mon Feb 19 2018 14:13:19 GMT-0500 (EST)
[debug] [2018-02-19T19:13:20.845Z] <<< HTTP RESPONSE 200
[warn] ⚠  hosting: Port 5000 is not available. Trying another port...
[debug] [2018-02-19T19:13:20.865Z] >>> HTTP REQUEST GET https://cloudresourcemanager.googleapis.com/v1/projects/friendlychat-739e3  
  
 Mon Feb 19 2018 14:13:20 GMT-0500 (EST)
[debug] [2018-02-19T19:13:21.206Z] <<< HTTP RESPONSE 200
[debug] [2018-02-19T19:13:21.206Z] >>> HTTP REQUEST GET https://mobilesdk-pa.googleapis.com/v1/projects/577894259711/clients/_:getWebAppConfig  
  
 Mon Feb 19 2018 14:13:21 GMT-0500 (EST)
[debug] [2018-02-19T19:13:21.911Z] <<< HTTP RESPONSE 200
[warn] ⚠  hosting: Port 5004 is not available. Trying another port...
[debug] [2018-02-19T19:13:21.916Z] >>> HTTP REQUEST GET https://cloudresourcemanager.googleapis.com/v1/projects/friendlychat-739e3  
  
 Mon Feb 19 2018 14:13:21 GMT-0500 (EST)
[debug] [2018-02-19T19:13:22.286Z] <<< HTTP RESPONSE 200
[debug] [2018-02-19T19:13:22.287Z] >>> HTTP REQUEST GET https://mobilesdk-pa.googleapis.com/v1/projects/577894259711/clients/_:getWebAppConfig  
  
 Mon Feb 19 2018 14:13:22 GMT-0500 (EST)
[debug] [2018-02-19T19:13:22.644Z] <<< HTTP RESPONSE 200
[warn] ⚠  hosting: Port 5008 is not available. Trying another port...
[debug] [2018-02-19T19:13:22.648Z] >>> HTTP REQUEST GET https://cloudresourcemanager.googleapis.com/v1/projects/friendlychat-739e3  
  
 Mon Feb 19 2018 14:13:22 GMT-0500 (EST)
[debug] [2018-02-19T19:13:23.120Z] <<< HTTP RESPONSE 200
[debug] [2018-02-19T19:13:23.121Z] >>> HTTP REQUEST GET https://mobilesdk-pa.googleapis.com/v1/projects/577894259711/clients/_:getWebAppConfig  
  
 Mon Feb 19 2018 14:13:23 GMT-0500 (EST)
[debug] [2018-02-19T19:13:23.491Z] <<< HTTP RESPONSE 200
[warn] ⚠  hosting: Port 5012 is not available. Trying another port...
[debug] [2018-02-19T19:13:23.493Z] >>> HTTP REQUEST GET https://cloudresourcemanager.googleapis.com/v1/projects/friendlychat-739e3  
  
 Mon Feb 19 2018 14:13:23 GMT-0500 (EST)
[debug] [2018-02-19T19:13:24.240Z] <<< HTTP RESPONSE 200
[debug] [2018-02-19T19:13:24.240Z] >>> HTTP REQUEST GET https://mobilesdk-pa.googleapis.com/v1/projects/577894259711/clients/_:getWebAppConfig  
  
 Mon Feb 19 2018 14:13:24 GMT-0500 (EST)
[debug] [2018-02-19T19:13:24.738Z] <<< HTTP RESPONSE 200
[warn] ⚠  hosting: Port 5016 is not available. Trying another port...
[debug] [2018-02-19T19:13:24.743Z] >>> HTTP REQUEST GET https://cloudresourcemanager.googleapis.com/v1/projects/friendlychat-739e3  
  
 Mon Feb 19 2018 14:13:24 GMT-0500 (EST)
[debug] [2018-02-19T19:13:25.213Z] <<< HTTP RESPONSE 200
[debug] [2018-02-19T19:13:25.214Z] >>> HTTP REQUEST GET https://mobilesdk-pa.googleapis.com/v1/projects/577894259711/clients/_:getWebAppConfig  
  
 Mon Feb 19 2018 14:13:25 GMT-0500 (EST)
[debug] [2018-02-19T19:13:25.652Z] <<< HTTP RESPONSE 200
[warn] ⚠  hosting: Port 5020 is not available. Trying another port...
[debug] [2018-02-19T19:13:25.654Z] >>> HTTP REQUEST GET https://cloudresourcemanager.googleapis.com/v1/projects/friendlychat-739e3  
  
 Mon Feb 19 2018 14:13:25 GMT-0500 (EST)
[debug] [2018-02-19T19:13:26.020Z] <<< HTTP RESPONSE 200
[debug] [2018-02-19T19:13:26.021Z] >>> HTTP REQUEST GET https://mobilesdk-pa.googleapis.com/v1/projects/577894259711/clients/_:getWebAppConfig  
  
 Mon Feb 19 2018 14:13:26 GMT-0500 (EST)
[debug] [2018-02-19T19:13:26.420Z] <<< HTTP RESPONSE 200
[warn] ⚠  hosting: Port 5024 is not available. Trying another port...
[debug] [2018-02-19T19:13:26.423Z] >>> HTTP REQUEST GET https://cloudresourcemanager.googleapis.com/v1/projects/friendlychat-739e3  
  
 Mon Feb 19 2018 14:13:26 GMT-0500 (EST)
[debug] [2018-02-19T19:13:26.624Z] <<< HTTP RESPONSE 200
[debug] [2018-02-19T19:13:26.625Z] >>> HTTP REQUEST GET https://mobilesdk-pa.googleapis.com/v1/projects/577894259711/clients/_:getWebAppConfig  
  
 Mon Feb 19 2018 14:13:26 GMT-0500 (EST)
[debug] [2018-02-19T19:13:27.101Z] <<< HTTP RESPONSE 200
[info] i  hosting: Serving hosting files from: ./
[info] ✔  hosting: Local server: http://localhost:5028

[debug] [2018-02-19T19:14:33.331Z] ----------------------------------------------------------------------
[debug] [2018-02-19T19:14:33.335Z] Command:       /home/nsa/.nvm/versions/node/v9.5.0/bin/node /usr/local/bin/firebase serve
[debug] [2018-02-19T19:14:33.335Z] CLI Version:   3.17.4
[debug] [2018-02-19T19:14:33.335Z] Platform:      linux
[debug] [2018-02-19T19:14:33.335Z] Node Version:  v9.5.0
[debug] [2018-02-19T19:14:33.335Z] Time:          Mon Feb 19 2018 14:14:33 GMT-0500 (EST)
[debug] [2018-02-19T19:14:33.335Z] ----------------------------------------------------------------------
[debug] 
[debug] [2018-02-19T19:14:33.346Z] > command requires scopes: ["email","openid","https://www.googleapis.com/auth/cloudplatformprojects.readonly","https://www.googleapis.com/auth/firebase","https://www.googleapis.com/auth/cloud-platform"]
[debug] [2018-02-19T19:14:33.346Z] > authorizing via signed-in user
[debug] [2018-02-19T19:14:33.348Z] >>> HTTP REQUEST GET https://admin.firebase.com/v1/projects/friendlychat-739e3  
  
 Mon Feb 19 2018 14:14:33 GMT-0500 (EST)
[debug] [2018-02-19T19:14:34.277Z] <<< HTTP RESPONSE 200
[debug] [2018-02-19T19:14:34.278Z] >>> HTTP REQUEST GET https://admin.firebase.com/v1/database/friendlychat-739e3/tokens  
  
 Mon Feb 19 2018 14:14:34 GMT-0500 (EST)
[debug] [2018-02-19T19:14:41.118Z] <<< HTTP RESPONSE 200
[info] 
[info] === Serving from '/home/nsa/Code/firebase/web-start'...
[info] 
[debug] [2018-02-19T19:14:41.124Z] >>> HTTP REQUEST GET https://cloudresourcemanager.googleapis.com/v1/projects/friendlychat-739e3  
  
 Mon Feb 19 2018 14:14:41 GMT-0500 (EST)
[debug] [2018-02-19T19:14:41.700Z] <<< HTTP RESPONSE 200
[debug] [2018-02-19T19:14:41.701Z] >>> HTTP REQUEST GET https://mobilesdk-pa.googleapis.com/v1/projects/577894259711/clients/_:getWebAppConfig  
  
 Mon Feb 19 2018 14:14:41 GMT-0500 (EST)
[debug] [2018-02-19T19:14:42.238Z] <<< HTTP RESPONSE 200
[warn] ⚠  hosting: Port 5000 is not available. Trying another port...
[debug] [2018-02-19T19:14:42.261Z] >>> HTTP REQUEST GET https://cloudresourcemanager.googleapis.com/v1/projects/friendlychat-739e3  
  
 Mon Feb 19 2018 14:14:42 GMT-0500 (EST)
[debug] [2018-02-19T19:14:42.525Z] <<< HTTP RESPONSE 200
[debug] [2018-02-19T19:14:42.526Z] >>> HTTP REQUEST GET https://mobilesdk-pa.googleapis.com/v1/projects/577894259711/clients/_:getWebAppConfig  
  
 Mon Feb 19 2018 14:14:42 GMT-0500 (EST)
[debug] [2018-02-19T19:14:42.778Z] <<< HTTP RESPONSE 200
[warn] ⚠  hosting: Port 5004 is not available. Trying another port...
[debug] [2018-02-19T19:14:42.784Z] >>> HTTP REQUEST GET https://cloudresourcemanager.googleapis.com/v1/projects/friendlychat-739e3  
  
 Mon Feb 19 2018 14:14:42 GMT-0500 (EST)
[debug] [2018-02-19T19:14:42.952Z] <<< HTTP RESPONSE 200
[debug] [2018-02-19T19:14:42.953Z] >>> HTTP REQUEST GET https://mobilesdk-pa.googleapis.com/v1/projects/577894259711/clients/_:getWebAppConfig  
  
 Mon Feb 19 2018 14:14:42 GMT-0500 (EST)
[debug] [2018-02-19T19:14:43.246Z] <<< HTTP RESPONSE 200
[warn] ⚠  hosting: Port 5008 is not available. Trying another port...
[debug] [2018-02-19T19:14:43.248Z] >>> HTTP REQUEST GET https://cloudresourcemanager.googleapis.com/v1/projects/friendlychat-739e3  
  
 Mon Feb 19 2018 14:14:43 GMT-0500 (EST)
[debug] [2018-02-19T19:14:43.863Z] <<< HTTP RESPONSE 200
[debug] [2018-02-19T19:14:43.864Z] >>> HTTP REQUEST GET https://mobilesdk-pa.googleapis.com/v1/projects/577894259711/clients/_:getWebAppConfig  
  
 Mon Feb 19 2018 14:14:43 GMT-0500 (EST)
[debug] [2018-02-19T19:14:44.136Z] <<< HTTP RESPONSE 200
[warn] ⚠  hosting: Port 5012 is not available. Trying another port...
[debug] [2018-02-19T19:14:44.140Z] >>> HTTP REQUEST GET https://cloudresourcemanager.googleapis.com/v1/projects/friendlychat-739e3  
  
 Mon Feb 19 2018 14:14:44 GMT-0500 (EST)
[debug] [2018-02-19T19:14:44.350Z] <<< HTTP RESPONSE 200
[debug] [2018-02-19T19:14:44.350Z] >>> HTTP REQUEST GET https://mobilesdk-pa.googleapis.com/v1/projects/577894259711/clients/_:getWebAppConfig  
  
 Mon Feb 19 2018 14:14:44 GMT-0500 (EST)
[debug] [2018-02-19T19:14:44.666Z] <<< HTTP RESPONSE 200
[warn] ⚠  hosting: Port 5016 is not available. Trying another port...
[debug] [2018-02-19T19:14:44.668Z] >>> HTTP REQUEST GET https://cloudresourcemanager.googleapis.com/v1/projects/friendlychat-739e3  
  
 Mon Feb 19 2018 14:14:44 GMT-0500 (EST)
[debug] [2018-02-19T19:14:44.866Z] <<< HTTP RESPONSE 200
[debug] [2018-02-19T19:14:44.867Z] >>> HTTP REQUEST GET https://mobilesdk-pa.googleapis.com/v1/projects/577894259711/clients/_:getWebAppConfig  
  
 Mon Feb 19 2018 14:14:44 GMT-0500 (EST)
[debug] [2018-02-19T19:14:45.121Z] <<< HTTP RESPONSE 200
[warn] ⚠  hosting: Port 5020 is not available. Trying another port...
[debug] [2018-02-19T19:14:45.125Z] >>> HTTP REQUEST GET https://cloudresourcemanager.googleapis.com/v1/projects/friendlychat-739e3  
  
 Mon Feb 19 2018 14:14:45 GMT-0500 (EST)
[debug] [2018-02-19T19:14:45.325Z] <<< HTTP RESPONSE 200
[debug] [2018-02-19T19:14:45.326Z] >>> HTTP REQUEST GET https://mobilesdk-pa.googleapis.com/v1/projects/577894259711/clients/_:getWebAppConfig  
  
 Mon Feb 19 2018 14:14:45 GMT-0500 (EST)
[debug] [2018-02-19T19:14:45.486Z] <<< HTTP RESPONSE 200
[warn] ⚠  hosting: Port 5024 is not available. Trying another port...
[debug] [2018-02-19T19:14:45.490Z] >>> HTTP REQUEST GET https://cloudresourcemanager.googleapis.com/v1/projects/friendlychat-739e3  
  
 Mon Feb 19 2018 14:14:45 GMT-0500 (EST)
[debug] [2018-02-19T19:14:45.946Z] <<< HTTP RESPONSE 200
[debug] [2018-02-19T19:14:45.946Z] >>> HTTP REQUEST GET https://mobilesdk-pa.googleapis.com/v1/projects/577894259711/clients/_:getWebAppConfig  
  
 Mon Feb 19 2018 14:14:45 GMT-0500 (EST)
[debug] [2018-02-19T19:14:46.246Z] <<< HTTP RESPONSE 200
[warn] ⚠  hosting: Port 5028 is not available. Trying another port...
[debug] [2018-02-19T19:14:46.249Z] >>> HTTP REQUEST GET https://cloudresourcemanager.googleapis.com/v1/projects/friendlychat-739e3  
  
 Mon Feb 19 2018 14:14:46 GMT-0500 (EST)
[debug] [2018-02-19T19:14:46.462Z] <<< HTTP RESPONSE 200
[debug] [2018-02-19T19:14:46.463Z] >>> HTTP REQUEST GET https://mobilesdk-pa.googleapis.com/v1/projects/577894259711/clients/_:getWebAppConfig  
  
 Mon Feb 19 2018 14:14:46 GMT-0500 (EST)
[debug] [2018-02-19T19:14:47.948Z] <<< HTTP RESPONSE 200
[info] i  hosting: Serving hosting files from: ./
[info] ✔  hosting: Local server: http://localhost:5032

[debug] [2018-02-19T19:19:04.935Z] ----------------------------------------------------------------------
[debug] [2018-02-19T19:19:04.939Z] Command:       /home/nsa/.nvm/versions/node/v9.5.0/bin/node /usr/local/bin/firebase serve
[debug] [2018-02-19T19:19:04.939Z] CLI Version:   3.17.4
[debug] [2018-02-19T19:19:04.939Z] Platform:      linux
[debug] [2018-02-19T19:19:04.939Z] Node Version:  v9.5.0
[debug] [2018-02-19T19:19:04.939Z] Time:          Mon Feb 19 2018 14:19:04 GMT-0500 (EST)
[debug] [2018-02-19T19:19:04.939Z] ----------------------------------------------------------------------
[debug] 
[debug] [2018-02-19T19:19:04.953Z] > command requires scopes: ["email","openid","https://www.googleapis.com/auth/cloudplatformprojects.readonly","https://www.googleapis.com/auth/firebase","https://www.googleapis.com/auth/cloud-platform"]
[debug] [2018-02-19T19:19:04.953Z] > authorizing via signed-in user
[debug] [2018-02-19T19:19:04.956Z] >>> HTTP REQUEST GET https://admin.firebase.com/v1/projects/friendlychat-739e3  
  
 Mon Feb 19 2018 14:19:04 GMT-0500 (EST)
[debug] [2018-02-19T19:19:06.356Z] <<< HTTP RESPONSE 200
[debug] [2018-02-19T19:19:06.357Z] >>> HTTP REQUEST GET https://admin.firebase.com/v1/database/friendlychat-739e3/tokens  
  
 Mon Feb 19 2018 14:19:06 GMT-0500 (EST)
[debug] [2018-02-19T19:19:08.917Z] <<< HTTP RESPONSE 200
[info] 
[info] === Serving from '/home/nsa/Code/firebase/web-start'...
[info] 
[debug] [2018-02-19T19:19:08.924Z] >>> HTTP REQUEST GET https://cloudresourcemanager.googleapis.com/v1/projects/friendlychat-739e3  
  
 Mon Feb 19 2018 14:19:08 GMT-0500 (EST)
[debug] [2018-02-19T19:19:09.156Z] <<< HTTP RESPONSE 200
[debug] [2018-02-19T19:19:09.157Z] >>> HTTP REQUEST GET https://mobilesdk-pa.googleapis.com/v1/projects/577894259711/clients/_:getWebAppConfig  
  
 Mon Feb 19 2018 14:19:09 GMT-0500 (EST)
[debug] [2018-02-19T19:19:09.584Z] <<< HTTP RESPONSE 200
[warn] ⚠  hosting: Port 5000 is not available. Trying another port...
[debug] [2018-02-19T19:19:09.605Z] >>> HTTP REQUEST GET https://cloudresourcemanager.googleapis.com/v1/projects/friendlychat-739e3  
  
 Mon Feb 19 2018 14:19:09 GMT-0500 (EST)
[debug] [2018-02-19T19:19:09.800Z] <<< HTTP RESPONSE 200
[debug] [2018-02-19T19:19:09.801Z] >>> HTTP REQUEST GET https://mobilesdk-pa.googleapis.com/v1/projects/577894259711/clients/_:getWebAppConfig  
  
 Mon Feb 19 2018 14:19:09 GMT-0500 (EST)
[debug] [2018-02-19T19:19:10.093Z] <<< HTTP RESPONSE 200
[warn] ⚠  hosting: Port 5004 is not available. Trying another port...
[debug] [2018-02-19T19:19:10.097Z] >>> HTTP REQUEST GET https://cloudresourcemanager.googleapis.com/v1/projects/friendlychat-739e3  
  
 Mon Feb 19 2018 14:19:10 GMT-0500 (EST)
[debug] [2018-02-19T19:19:10.290Z] <<< HTTP RESPONSE 200
[debug] [2018-02-19T19:19:10.291Z] >>> HTTP REQUEST GET https://mobilesdk-pa.googleapis.com/v1/projects/577894259711/clients/_:getWebAppConfig  
  
 Mon Feb 19 2018 14:19:10 GMT-0500 (EST)
[debug] [2018-02-19T19:19:10.549Z] <<< HTTP RESPONSE 200
[warn] ⚠  hosting: Port 5008 is not available. Trying another port...
[debug] [2018-02-19T19:19:10.553Z] >>> HTTP REQUEST GET https://cloudresourcemanager.googleapis.com/v1/projects/friendlychat-739e3  
  
 Mon Feb 19 2018 14:19:10 GMT-0500 (EST)
[debug] [2018-02-19T19:19:10.715Z] <<< HTTP RESPONSE 200
[debug] [2018-02-19T19:19:10.715Z] >>> HTTP REQUEST GET https://mobilesdk-pa.googleapis.com/v1/projects/577894259711/clients/_:getWebAppConfig  
  
 Mon Feb 19 2018 14:19:10 GMT-0500 (EST)
[debug] [2018-02-19T19:19:10.905Z] <<< HTTP RESPONSE 200
[warn] ⚠  hosting: Port 5012 is not available. Trying another port...
[debug] [2018-02-19T19:19:10.909Z] >>> HTTP REQUEST GET https://cloudresourcemanager.googleapis.com/v1/projects/friendlychat-739e3  
  
 Mon Feb 19 2018 14:19:10 GMT-0500 (EST)
[debug] [2018-02-19T19:19:11.103Z] <<< HTTP RESPONSE 200
[debug] [2018-02-19T19:19:11.104Z] >>> HTTP REQUEST GET https://mobilesdk-pa.googleapis.com/v1/projects/577894259711/clients/_:getWebAppConfig  
  
 Mon Feb 19 2018 14:19:11 GMT-0500 (EST)
[debug] [2018-02-19T19:19:11.318Z] <<< HTTP RESPONSE 200
[warn] ⚠  hosting: Port 5016 is not available. Trying another port...
[debug] [2018-02-19T19:19:11.320Z] >>> HTTP REQUEST GET https://cloudresourcemanager.googleapis.com/v1/projects/friendlychat-739e3  
  
 Mon Feb 19 2018 14:19:11 GMT-0500 (EST)
[debug] [2018-02-19T19:19:11.505Z] <<< HTTP RESPONSE 200
[debug] [2018-02-19T19:19:11.505Z] >>> HTTP REQUEST GET https://mobilesdk-pa.googleapis.com/v1/projects/577894259711/clients/_:getWebAppConfig  
  
 Mon Feb 19 2018 14:19:11 GMT-0500 (EST)
[debug] [2018-02-19T19:19:11.713Z] <<< HTTP RESPONSE 200
[warn] ⚠  hosting: Port 5020 is not available. Trying another port...
[debug] [2018-02-19T19:19:11.716Z] >>> HTTP REQUEST GET https://cloudresourcemanager.googleapis.com/v1/projects/friendlychat-739e3  
  
 Mon Feb 19 2018 14:19:11 GMT-0500 (EST)
[debug] [2018-02-19T19:19:11.907Z] <<< HTTP RESPONSE 200
[debug] [2018-02-19T19:19:11.908Z] >>> HTTP REQUEST GET https://mobilesdk-pa.googleapis.com/v1/projects/577894259711/clients/_:getWebAppConfig  
  
 Mon Feb 19 2018 14:19:11 GMT-0500 (EST)
[debug] [2018-02-19T19:19:12.100Z] <<< HTTP RESPONSE 200
[warn] ⚠  hosting: Port 5024 is not available. Trying another port...
[debug] [2018-02-19T19:19:12.104Z] >>> HTTP REQUEST GET https://cloudresourcemanager.googleapis.com/v1/projects/friendlychat-739e3  
  
 Mon Feb 19 2018 14:19:12 GMT-0500 (EST)
[debug] [2018-02-19T19:19:12.276Z] <<< HTTP RESPONSE 200
[debug] [2018-02-19T19:19:12.277Z] >>> HTTP REQUEST GET https://mobilesdk-pa.googleapis.com/v1/projects/577894259711/clients/_:getWebAppConfig  
  
 Mon Feb 19 2018 14:19:12 GMT-0500 (EST)
[debug] [2018-02-19T19:19:12.529Z] <<< HTTP RESPONSE 200
[warn] ⚠  hosting: Port 5028 is not available. Trying another port...
[debug] [2018-02-19T19:19:12.532Z] >>> HTTP REQUEST GET https://cloudresourcemanager.googleapis.com/v1/projects/friendlychat-739e3  
  
 Mon Feb 19 2018 14:19:12 GMT-0500 (EST)
[debug] [2018-02-19T19:19:12.715Z] <<< HTTP RESPONSE 200
[debug] [2018-02-19T19:19:12.716Z] >>> HTTP REQUEST GET https://mobilesdk-pa.googleapis.com/v1/projects/577894259711/clients/_:getWebAppConfig  
  
 Mon Feb 19 2018 14:19:12 GMT-0500 (EST)
[debug] [2018-02-19T19:19:12.938Z] <<< HTTP RESPONSE 200
[warn] ⚠  hosting: Port 5032 is not available. Trying another port...
[debug] [2018-02-19T19:19:12.942Z] >>> HTTP REQUEST GET https://cloudresourcemanager.googleapis.com/v1/projects/friendlychat-739e3  
  
 Mon Feb 19 2018 14:19:12 GMT-0500 (EST)
[debug] [2018-02-19T19:19:13.155Z] <<< HTTP RESPONSE 200
[debug] [2018-02-19T19:19:13.156Z] >>> HTTP REQUEST GET https://mobilesdk-pa.googleapis.com/v1/projects/577894259711/clients/_:getWebAppConfig  
  
 Mon Feb 19 2018 14:19:13 GMT-0500 (EST)
[debug] [2018-02-19T19:19:13.346Z] <<< HTTP RESPONSE 200
[info] i  hosting: Serving hosting files from: ./
[info] ✔  hosting: Local server: http://localhost:5036

[info] Shutting down...
[debug] [2018-02-19T19:21:01.310Z] ----------------------------------------------------------------------
[debug] [2018-02-19T19:21:01.314Z] Command:       /home/nsa/.nvm/versions/node/v9.5.0/bin/node /usr/local/bin/firebase serve
[debug] [2018-02-19T19:21:01.314Z] CLI Version:   3.17.4
[debug] [2018-02-19T19:21:01.314Z] Platform:      linux
[debug] [2018-02-19T19:21:01.314Z] Node Version:  v9.5.0
[debug] [2018-02-19T19:21:01.314Z] Time:          Mon Feb 19 2018 14:21:01 GMT-0500 (EST)
[debug] [2018-02-19T19:21:01.314Z] ----------------------------------------------------------------------
[debug] 
[debug] [2018-02-19T19:21:01.325Z] > command requires scopes: ["email","openid","https://www.googleapis.com/auth/cloudplatformprojects.readonly","https://www.googleapis.com/auth/firebase","https://www.googleapis.com/auth/cloud-platform"]
[debug] [2018-02-19T19:21:01.325Z] > authorizing via signed-in user
[debug] [2018-02-19T19:21:01.327Z] > refreshing access token with scopes: ["email","https://www.googleapis.com/auth/cloud-platform","https://www.googleapis.com/auth/cloudplatformprojects.readonly","https://www.googleapis.com/auth/firebase","openid"]
[debug] [2018-02-19T19:21:01.327Z] >>> HTTP REQUEST POST https://www.googleapis.com/oauth2/v3/token  
 { refresh_token: '1/67YMuMx4bHmT-NH318S9KXfyuw5JjgHqYF5Eqf6qXGk',
  client_id: '563584335869-fgrhgmd47bqnekij5i8b5pr03ho849e6.apps.googleusercontent.com',
  client_secret: 'j9iVZfS8kkCEFUPaAeJV0sAi',
  grant_type: 'refresh_token',
  scope: 'email https://www.googleapis.com/auth/cloud-platform https://www.googleapis.com/auth/cloudplatformprojects.readonly https://www.googleapis.com/auth/firebase openid' } 
 Mon Feb 19 2018 14:21:01 GMT-0500 (EST)
[debug] [2018-02-19T19:21:01.557Z] <<< HTTP RESPONSE 200
[debug] [2018-02-19T19:21:01.621Z] >>> HTTP REQUEST GET https://admin.firebase.com/v1/projects/friendlychat-739e3  
  
 Mon Feb 19 2018 14:21:01 GMT-0500 (EST)
[debug] [2018-02-19T19:21:01.907Z] <<< HTTP RESPONSE 200
[debug] [2018-02-19T19:21:01.909Z] >>> HTTP REQUEST GET https://admin.firebase.com/v1/database/friendlychat-739e3/tokens  
  
 Mon Feb 19 2018 14:21:01 GMT-0500 (EST)
[debug] [2018-02-19T19:21:02.496Z] <<< HTTP RESPONSE 200
[info] 
[info] === Serving from '/home/nsa/Code/firebase/web-start'...
[info] 
[debug] [2018-02-19T19:21:02.502Z] >>> HTTP REQUEST GET https://cloudresourcemanager.googleapis.com/v1/projects/friendlychat-739e3  
  
 Mon Feb 19 2018 14:21:02 GMT-0500 (EST)
[debug] [2018-02-19T19:21:02.685Z] <<< HTTP RESPONSE 200
[debug] [2018-02-19T19:21:02.686Z] >>> HTTP REQUEST GET https://mobilesdk-pa.googleapis.com/v1/projects/577894259711/clients/_:getWebAppConfig  
  
 Mon Feb 19 2018 14:21:02 GMT-0500 (EST)
[debug] [2018-02-19T19:21:02.901Z] <<< HTTP RESPONSE 200
[warn] ⚠  hosting: Port 5000 is not available. Trying another port...
[debug] [2018-02-19T19:21:02.924Z] >>> HTTP REQUEST GET https://cloudresourcemanager.googleapis.com/v1/projects/friendlychat-739e3  
  
 Mon Feb 19 2018 14:21:02 GMT-0500 (EST)
[debug] [2018-02-19T19:21:03.122Z] <<< HTTP RESPONSE 200
[debug] [2018-02-19T19:21:03.123Z] >>> HTTP REQUEST GET https://mobilesdk-pa.googleapis.com/v1/projects/577894259711/clients/_:getWebAppConfig  
  
 Mon Feb 19 2018 14:21:03 GMT-0500 (EST)
[debug] [2018-02-19T19:21:03.397Z] <<< HTTP RESPONSE 200
[warn] ⚠  hosting: Port 5004 is not available. Trying another port...
[debug] [2018-02-19T19:21:03.401Z] >>> HTTP REQUEST GET https://cloudresourcemanager.googleapis.com/v1/projects/friendlychat-739e3  
  
 Mon Feb 19 2018 14:21:03 GMT-0500 (EST)
[debug] [2018-02-19T19:21:03.645Z] <<< HTTP RESPONSE 200
[debug] [2018-02-19T19:21:03.646Z] >>> HTTP REQUEST GET https://mobilesdk-pa.googleapis.com/v1/projects/577894259711/clients/_:getWebAppConfig  
  
 Mon Feb 19 2018 14:21:03 GMT-0500 (EST)
[debug] [2018-02-19T19:21:03.848Z] <<< HTTP RESPONSE 200
[warn] ⚠  hosting: Port 5008 is not available. Trying another port...
[debug] [2018-02-19T19:21:03.850Z] >>> HTTP REQUEST GET https://cloudresourcemanager.googleapis.com/v1/projects/friendlychat-739e3  
  
 Mon Feb 19 2018 14:21:03 GMT-0500 (EST)
[debug] [2018-02-19T19:21:04.052Z] <<< HTTP RESPONSE 200
[debug] [2018-02-19T19:21:04.053Z] >>> HTTP REQUEST GET https://mobilesdk-pa.googleapis.com/v1/projects/577894259711/clients/_:getWebAppConfig  
  
 Mon Feb 19 2018 14:21:04 GMT-0500 (EST)
[debug] [2018-02-19T19:21:04.247Z] <<< HTTP RESPONSE 200
[warn] ⚠  hosting: Port 5012 is not available. Trying another port...
[debug] [2018-02-19T19:21:04.249Z] >>> HTTP REQUEST GET https://cloudresourcemanager.googleapis.com/v1/projects/friendlychat-739e3  
  
 Mon Feb 19 2018 14:21:04 GMT-0500 (EST)
[debug] [2018-02-19T19:21:04.462Z] <<< HTTP RESPONSE 200
[debug] [2018-02-19T19:21:04.463Z] >>> HTTP REQUEST GET https://mobilesdk-pa.googleapis.com/v1/projects/577894259711/clients/_:getWebAppConfig  
  
 Mon Feb 19 2018 14:21:04 GMT-0500 (EST)
[debug] [2018-02-19T19:21:04.684Z] <<< HTTP RESPONSE 200
[warn] ⚠  hosting: Port 5016 is not available. Trying another port...
[debug] [2018-02-19T19:21:04.688Z] >>> HTTP REQUEST GET https://cloudresourcemanager.googleapis.com/v1/projects/friendlychat-739e3  
  
 Mon Feb 19 2018 14:21:04 GMT-0500 (EST)
[debug] [2018-02-19T19:21:04.899Z] <<< HTTP RESPONSE 200
[debug] [2018-02-19T19:21:04.900Z] >>> HTTP REQUEST GET https://mobilesdk-pa.googleapis.com/v1/projects/577894259711/clients/_:getWebAppConfig  
  
 Mon Feb 19 2018 14:21:04 GMT-0500 (EST)
[debug] [2018-02-19T19:21:05.100Z] <<< HTTP RESPONSE 200
[warn] ⚠  hosting: Port 5020 is not available. Trying another port...
[debug] [2018-02-19T19:21:05.104Z] >>> HTTP REQUEST GET https://cloudresourcemanager.googleapis.com/v1/projects/friendlychat-739e3  
  
 Mon Feb 19 2018 14:21:05 GMT-0500 (EST)
[debug] [2018-02-19T19:21:05.445Z] <<< HTTP RESPONSE 200
[debug] [2018-02-19T19:21:05.446Z] >>> HTTP REQUEST GET https://mobilesdk-pa.googleapis.com/v1/projects/577894259711/clients/_:getWebAppConfig  
  
 Mon Feb 19 2018 14:21:05 GMT-0500 (EST)
[debug] [2018-02-19T19:21:05.649Z] <<< HTTP RESPONSE 200
[warn] ⚠  hosting: Port 5024 is not available. Trying another port...
[debug] [2018-02-19T19:21:05.652Z] >>> HTTP REQUEST GET https://cloudresourcemanager.googleapis.com/v1/projects/friendlychat-739e3  
  
 Mon Feb 19 2018 14:21:05 GMT-0500 (EST)
[debug] [2018-02-19T19:21:05.844Z] <<< HTTP RESPONSE 200
[debug] [2018-02-19T19:21:05.844Z] >>> HTTP REQUEST GET https://mobilesdk-pa.googleapis.com/v1/projects/577894259711/clients/_:getWebAppConfig  
  
 Mon Feb 19 2018 14:21:05 GMT-0500 (EST)
[debug] [2018-02-19T19:21:05.998Z] <<< HTTP RESPONSE 200
[warn] ⚠  hosting: Port 5028 is not available. Trying another port...
[debug] [2018-02-19T19:21:06.001Z] >>> HTTP REQUEST GET https://cloudresourcemanager.googleapis.com/v1/projects/friendlychat-739e3  
  
 Mon Feb 19 2018 14:21:06 GMT-0500 (EST)
[debug] [2018-02-19T19:21:06.485Z] <<< HTTP RESPONSE 200
[debug] [2018-02-19T19:21:06.486Z] >>> HTTP REQUEST GET https://mobilesdk-pa.googleapis.com/v1/projects/577894259711/clients/_:getWebAppConfig  
  
 Mon Feb 19 2018 14:21:06 GMT-0500 (EST)
[debug] [2018-02-19T19:21:06.893Z] <<< HTTP RESPONSE 200
[warn] ⚠  hosting: Port 5032 is not available. Trying another port...
[debug] [2018-02-19T19:21:06.896Z] >>> HTTP REQUEST GET https://cloudresourcemanager.googleapis.com/v1/projects/friendlychat-739e3  
  
 Mon Feb 19 2018 14:21:06 GMT-0500 (EST)
[debug] [2018-02-19T19:21:07.037Z] <<< HTTP RESPONSE 200
[debug] [2018-02-19T19:21:07.037Z] >>> HTTP REQUEST GET https://mobilesdk-pa.googleapis.com/v1/projects/577894259711/clients/_:getWebAppConfig  
  
 Mon Feb 19 2018 14:21:07 GMT-0500 (EST)
[debug] [2018-02-19T19:21:07.228Z] <<< HTTP RESPONSE 200
[warn] ⚠  hosting: Port 5036 is not available. Trying another port...
[debug] [2018-02-19T19:21:07.231Z] >>> HTTP REQUEST GET https://cloudresourcemanager.googleapis.com/v1/projects/friendlychat-739e3  
  
 Mon Feb 19 2018 14:21:07 GMT-0500 (EST)
[debug] [2018-02-19T19:21:07.434Z] <<< HTTP RESPONSE 200
[debug] [2018-02-19T19:21:07.434Z] >>> HTTP REQUEST GET https://mobilesdk-pa.googleapis.com/v1/projects/577894259711/clients/_:getWebAppConfig  
  
 Mon Feb 19 2018 14:21:07 GMT-0500 (EST)
[debug] [2018-02-19T19:21:08.134Z] <<< HTTP RESPONSE 200
[info] i  hosting: Serving hosting files from: ./
[info] ✔  hosting: Local server: http://localhost:5040

